{"a2a":true,"level":"info","message":"system","timestamp":"2025-05-19T13:51:38.990Z"}
{"a2a":true,"level":"info","message":"system","timestamp":"2025-05-19T13:51:38.990Z"}
{"a2a":true,"level":"info","message":null,"timestamp":"2025-05-19T13:51:38.990Z"}
{"a2a":true,"level":"info","message":null,"timestamp":"2025-05-19T13:51:38.990Z"}
{"a2a":true,"level":"info","message":null,"timestamp":"2025-05-19T13:51:38.990Z"}
{"a2a":true,"level":"info","message":"system","timestamp":"2025-05-19T13:51:38.990Z"}
{"a2a":true,"level":"info","message":null,"timestamp":"2025-05-19T13:51:38.991Z"}
{"a2a":true,"level":"info","message":null,"timestamp":"2025-05-19T13:51:38.991Z"}
{"a2a":true,"level":"info","message":null,"timestamp":"2025-05-19T13:51:38.991Z"}
{"a2a":true,"level":"info","message":"system","timestamp":"2025-05-19T13:51:38.991Z"}
{"a2a":true,"level":"info","message":"system","timestamp":"2025-05-19T13:51:38.991Z"}
{"a2a":true,"level":"error","message":"system","timestamp":"2025-05-19T13:51:38.991Z"}
{"a2a":true,"level":"info","message":"system","timestamp":"2025-05-19T13:51:38.991Z"}
{"a2a":true,"level":"info","message":"system","timestamp":"2025-05-19T13:51:38.991Z"}
{"a2a":true,"level":"info","message":"system","timestamp":"2025-05-19T13:51:38.991Z"}
{"a2a":true,"level":"info","message":null,"timestamp":"2025-05-19T13:51:38.991Z"}
{"a2a":true,"level":"info","message":null,"timestamp":"2025-05-19T13:51:38.991Z"}
{"a2a":true,"level":"info","message":null,"timestamp":"2025-05-19T13:51:38.991Z"}
{"a2a":true,"level":"info","message":"system","timestamp":"2025-05-19T13:51:38.991Z"}
{"a2a":true,"level":"info","message":null,"timestamp":"2025-05-19T13:51:38.991Z"}
{"a2a":true,"level":"info","message":null,"timestamp":"2025-05-19T13:51:38.991Z"}
{"a2a":true,"level":"info","message":null,"timestamp":"2025-05-19T13:51:38.991Z"}
{"a2a":true,"level":"error","message":"system","timestamp":"2025-05-19T13:51:38.992Z"}
{"a2a":true,"level":"info","message":null,"timestamp":"2025-05-19T13:51:38.992Z"}
{"a2a":true,"level":"info","message":null,"timestamp":"2025-05-19T13:51:38.992Z"}
{"a2a":true,"level":"info","message":null,"timestamp":"2025-05-19T13:51:38.992Z"}
{"a2a":true,"level":"info","message":"system","timestamp":"2025-05-19T13:51:38.992Z"}
{"a2a":true,"level":"info","message":null,"timestamp":"2025-05-19T13:51:38.992Z"}
{"a2a":true,"level":"info","message":null,"timestamp":"2025-05-19T13:51:38.992Z"}
{"a2a":true,"level":"info","message":null,"timestamp":"2025-05-19T13:51:38.992Z"}
{"a2a":true,"level":"info","message":"system","timestamp":"2025-05-19T13:51:38.992Z"}
{"a2a":true,"level":"info","message":null,"timestamp":"2025-05-19T13:51:38.992Z"}
{"a2a":true,"level":"info","message":null,"timestamp":"2025-05-19T13:51:38.992Z"}
{"a2a":true,"level":"info","message":null,"timestamp":"2025-05-19T13:51:38.992Z"}
{"a2a":true,"level":"info","message":null,"timestamp":"2025-05-19T13:51:38.992Z"}
{"a2a":true,"level":"info","message":null,"timestamp":"2025-05-19T13:51:38.993Z"}
{"a2a":true,"level":"info","message":"system","timestamp":"2025-05-19T13:51:38.993Z"}
{"a2a":true,"level":"info","message":"system","timestamp":"2025-05-19T13:51:38.993Z"}
{"a2a":true,"level":"info","message":"system","timestamp":"2025-05-19T13:51:38.993Z"}
{"a2a":true,"level":"debug","message":"system","timestamp":"2025-05-19T13:51:38.993Z"}
{"a2a":true,"level":"info","message":"system","timestamp":"2025-05-19T13:51:38.993Z"}
{"a2a":true,"level":"info","message":"system","timestamp":"2025-05-19T13:51:40.406Z"}
{"a2a":true,"level":"info","message":"system","timestamp":"2025-05-19T13:51:40.406Z"}
{"a2a":true,"level":"info","message":"system","timestamp":"2025-05-19T13:51:40.406Z"}
{"a2a":true,"level":"info","message":null,"timestamp":"2025-05-19T13:51:40.407Z"}
{"a2a":true,"level":"info","message":null,"timestamp":"2025-05-19T13:51:40.407Z"}
{"a2a":true,"level":"info","message":null,"timestamp":"2025-05-19T13:51:40.407Z"}
{"a2a":true,"level":"info","message":"system","timestamp":"2025-05-19T13:51:40.407Z"}
{"a2a":true,"level":"info","message":null,"timestamp":"2025-05-19T13:51:40.407Z"}
{"a2a":true,"level":"info","message":null,"timestamp":"2025-05-19T13:51:40.407Z"}
{"a2a":true,"level":"info","message":null,"timestamp":"2025-05-19T13:51:40.407Z"}
{"a2a":true,"level":"info","message":"system","timestamp":"2025-05-19T13:51:40.407Z"}
{"a2a":true,"level":"info","message":null,"timestamp":"2025-05-19T13:51:40.408Z"}
{"a2a":true,"level":"info","message":null,"timestamp":"2025-05-19T13:51:40.408Z"}
{"a2a":true,"level":"info","message":null,"timestamp":"2025-05-19T13:51:40.408Z"}
{"a2a":true,"level":"error","message":"system","timestamp":"2025-05-19T13:51:40.408Z"}
{"a2a":true,"level":"info","message":null,"timestamp":"2025-05-19T13:51:40.408Z"}
{"a2a":true,"level":"info","message":null,"timestamp":"2025-05-19T13:51:40.408Z"}
{"a2a":true,"level":"info","message":null,"timestamp":"2025-05-19T13:51:40.408Z"}
{"a2a":true,"level":"info","message":"system","timestamp":"2025-05-19T13:51:40.408Z"}
{"a2a":true,"level":"info","message":null,"timestamp":"2025-05-19T13:51:40.408Z"}
{"a2a":true,"level":"info","message":null,"timestamp":"2025-05-19T13:51:40.408Z"}
{"a2a":true,"level":"info","message":null,"timestamp":"2025-05-19T13:51:40.408Z"}
{"a2a":true,"level":"info","message":"system","timestamp":"2025-05-19T13:51:40.408Z"}
{"a2a":true,"level":"info","message":"system","timestamp":"2025-05-19T13:51:40.408Z"}
{"a2a":true,"level":"info","message":"system","timestamp":"2025-05-19T13:51:40.923Z"}
{"a2a":true,"level":"info","message":"system","timestamp":"2025-05-19T13:51:40.924Z"}
{"a2a":true,"level":"info","message":"system","timestamp":"2025-05-19T13:51:40.924Z"}
{"a2a":true,"level":"info","message":null,"timestamp":"2025-05-19T13:51:40.924Z"}
{"a2a":true,"level":"info","message":null,"timestamp":"2025-05-19T13:51:40.924Z"}
{"a2a":true,"level":"info","message":null,"timestamp":"2025-05-19T13:51:40.924Z"}
{"a2a":true,"level":"info","message":"system","timestamp":"2025-05-19T13:51:40.925Z"}
{"a2a":true,"level":"info","message":null,"timestamp":"2025-05-19T13:51:40.925Z"}
{"a2a":true,"level":"info","message":null,"timestamp":"2025-05-19T13:51:40.925Z"}
{"a2a":true,"level":"info","message":null,"timestamp":"2025-05-19T13:51:40.925Z"}
{"a2a":true,"level":"info","message":"system","timestamp":"2025-05-19T13:51:40.925Z"}
{"a2a":true,"level":"info","message":null,"timestamp":"2025-05-19T13:51:40.925Z"}
{"a2a":true,"level":"info","message":null,"timestamp":"2025-05-19T13:51:40.925Z"}
{"a2a":true,"level":"info","message":null,"timestamp":"2025-05-19T13:51:40.925Z"}
{"a2a":true,"level":"error","message":"system","timestamp":"2025-05-19T13:51:40.925Z"}
{"a2a":true,"level":"info","message":null,"timestamp":"2025-05-19T13:51:40.925Z"}
{"a2a":true,"level":"info","message":null,"timestamp":"2025-05-19T13:51:40.925Z"}
{"a2a":true,"level":"info","message":null,"timestamp":"2025-05-19T13:51:40.926Z"}
{"a2a":true,"level":"info","message":"system","timestamp":"2025-05-19T13:51:40.926Z"}
{"a2a":true,"level":"info","message":null,"timestamp":"2025-05-19T13:51:40.926Z"}
{"a2a":true,"level":"info","message":null,"timestamp":"2025-05-19T13:51:40.926Z"}
{"a2a":true,"level":"info","message":null,"timestamp":"2025-05-19T13:51:40.926Z"}
{"a2a":true,"level":"info","message":"system","timestamp":"2025-05-19T13:51:40.926Z"}
{"a2a":true,"level":"info","message":"system","timestamp":"2025-05-19T13:51:40.926Z"}
{"a2a":true,"level":"info","message":"system","timestamp":"2025-05-19T13:51:41.434Z"}
{"a2a":true,"level":"info","message":"system","timestamp":"2025-05-19T13:51:41.434Z"}
{"a2a":true,"level":"info","message":"system","timestamp":"2025-05-19T13:51:41.434Z"}
{"a2a":true,"level":"info","message":"system","timestamp":"2025-05-19T13:51:41.434Z"}
{"a2a":true,"level":"info","message":"system","timestamp":"2025-05-19T13:51:41.434Z"}
{"a2a":true,"level":"info","message":null,"timestamp":"2025-05-19T13:51:41.434Z"}
{"a2a":true,"level":"info","message":null,"timestamp":"2025-05-19T13:51:41.435Z"}
{"a2a":true,"level":"info","message":null,"timestamp":"2025-05-19T13:51:41.435Z"}
{"a2a":true,"level":"info","message":"system","timestamp":"2025-05-19T13:51:41.435Z"}
{"a2a":true,"level":"info","message":null,"timestamp":"2025-05-19T13:51:41.435Z"}
{"a2a":true,"level":"info","message":null,"timestamp":"2025-05-19T13:51:41.436Z"}
{"a2a":true,"level":"info","message":null,"timestamp":"2025-05-19T13:51:41.436Z"}
{"a2a":true,"level":"info","message":"system","timestamp":"2025-05-19T13:51:41.436Z"}
{"a2a":true,"level":"info","message":"system","timestamp":"2025-05-19T13:51:41.436Z"}
{"a2a":true,"level":"error","message":"system","timestamp":"2025-05-19T13:51:41.436Z"}
{"a2a":true,"level":"info","message":"system","timestamp":"2025-05-19T13:51:41.436Z"}
{"a2a":true,"level":"info","message":"system","timestamp":"2025-05-19T13:51:41.436Z"}
{"a2a":true,"level":"info","message":"system","timestamp":"2025-05-19T13:51:41.436Z"}
{"a2a":true,"level":"info","message":null,"timestamp":"2025-05-19T13:51:41.436Z"}
{"a2a":true,"level":"info","message":null,"timestamp":"2025-05-19T13:51:41.436Z"}
{"a2a":true,"level":"info","message":null,"timestamp":"2025-05-19T13:51:41.436Z"}
{"a2a":true,"level":"info","message":"system","timestamp":"2025-05-19T13:51:41.442Z"}
{"a2a":true,"level":"info","message":null,"timestamp":"2025-05-19T13:51:41.442Z"}
{"a2a":true,"level":"info","message":null,"timestamp":"2025-05-19T13:51:41.442Z"}
{"a2a":true,"level":"info","message":null,"timestamp":"2025-05-19T13:51:41.443Z"}
{"a2a":true,"level":"error","message":"system","timestamp":"2025-05-19T13:51:41.443Z"}
{"a2a":true,"level":"info","message":null,"timestamp":"2025-05-19T13:51:41.443Z"}
{"a2a":true,"level":"info","message":null,"timestamp":"2025-05-19T13:51:41.443Z"}
{"a2a":true,"level":"info","message":null,"timestamp":"2025-05-19T13:51:41.443Z"}
{"a2a":true,"level":"info","message":"system","timestamp":"2025-05-19T13:51:41.443Z"}
{"a2a":true,"level":"info","message":null,"timestamp":"2025-05-19T13:51:41.443Z"}
{"a2a":true,"level":"info","message":null,"timestamp":"2025-05-19T13:51:41.443Z"}
{"a2a":true,"level":"info","message":null,"timestamp":"2025-05-19T13:51:41.443Z"}
{"a2a":true,"level":"info","message":"system","timestamp":"2025-05-19T13:51:41.443Z"}
{"a2a":true,"level":"info","message":null,"timestamp":"2025-05-19T13:51:41.443Z"}
{"a2a":true,"level":"info","message":null,"timestamp":"2025-05-19T13:51:41.443Z"}
{"a2a":true,"level":"info","message":null,"timestamp":"2025-05-19T13:51:41.443Z"}
{"a2a":true,"level":"info","message":null,"timestamp":"2025-05-19T13:51:41.443Z"}
{"a2a":true,"level":"info","message":null,"timestamp":"2025-05-19T13:51:41.444Z"}
{"a2a":true,"level":"info","message":"system","timestamp":"2025-05-19T13:51:41.444Z"}
{"a2a":true,"level":"info","message":"system","timestamp":"2025-05-19T13:51:41.444Z"}
{"a2a":true,"level":"info","message":"system","timestamp":"2025-05-19T13:51:41.444Z"}
{"a2a":true,"level":"info","message":"system","timestamp":"2025-05-19T13:51:41.444Z"}
{"a2a":true,"level":"info","message":"system","timestamp":"2025-05-19T13:51:41.444Z"}
{"a2a":true,"level":"info","message":"system","timestamp":"2025-05-19T13:51:41.444Z"}
{"a2a":true,"level":"info","message":"system","timestamp":"2025-05-19T13:51:41.444Z"}
{"a2a":true,"level":"info","message":"system","timestamp":"2025-05-19T13:51:41.444Z"}
{"a2a":true,"level":"info","message":"test","timestamp":"2025-05-19T13:51:41.658Z"}
{"a2a":true,"level":"info","message":"[A2A:TASK_CREATE][TASK:c0eac554-fd6c-4a0d-9d6f-cf264908314f] Attempting to create task for project test-project","params":{"artifacts":[],"messages":[{"createdAt":"2025-05-19T13:51:41.658Z","id":"f75e4f0b-db58-42ba-8a95-7dc2fceecf2c","parts":[{"text":"Plan a video about space exploration","type":"text"}]}],"metadata":{"isTest":true,"source":"a2a-test-router"},"taskId":"4e2e418e-2a3d-4841-999a-dce5e7e139b9"},"projectId":"test-project","taskId":"c0eac554-fd6c-4a0d-9d6f-cf264908314f","timestamp":"2025-05-19T13:51:41.659Z"}
{"a2a":true,"level":"info","message":"system","timestamp":"2025-05-19T13:51:41.963Z"}
{"a2a":true,"level":"info","message":"system","timestamp":"2025-05-19T13:51:41.964Z"}
{"a2a":true,"level":"info","message":"system","timestamp":"2025-05-19T13:51:41.964Z"}
{"a2a":true,"level":"info","message":null,"timestamp":"2025-05-19T13:51:41.964Z"}
{"a2a":true,"level":"info","message":null,"timestamp":"2025-05-19T13:51:41.964Z"}
{"a2a":true,"level":"info","message":null,"timestamp":"2025-05-19T13:51:41.964Z"}
{"a2a":true,"level":"info","message":"system","timestamp":"2025-05-19T13:51:41.965Z"}
{"a2a":true,"level":"info","message":null,"timestamp":"2025-05-19T13:51:41.965Z"}
{"a2a":true,"level":"info","message":null,"timestamp":"2025-05-19T13:51:41.965Z"}
{"a2a":true,"level":"info","message":null,"timestamp":"2025-05-19T13:51:41.965Z"}
{"a2a":true,"level":"info","message":"system","timestamp":"2025-05-19T13:51:41.965Z"}
{"a2a":true,"level":"info","message":null,"timestamp":"2025-05-19T13:51:41.965Z"}
{"a2a":true,"level":"info","message":null,"timestamp":"2025-05-19T13:51:41.965Z"}
{"a2a":true,"level":"info","message":null,"timestamp":"2025-05-19T13:51:41.965Z"}
{"a2a":true,"level":"error","message":"system","timestamp":"2025-05-19T13:51:41.965Z"}
{"a2a":true,"level":"info","message":null,"timestamp":"2025-05-19T13:51:41.966Z"}
{"a2a":true,"level":"info","message":null,"timestamp":"2025-05-19T13:51:41.966Z"}
{"a2a":true,"level":"info","message":null,"timestamp":"2025-05-19T13:51:41.966Z"}
{"a2a":true,"level":"info","message":"system","timestamp":"2025-05-19T13:51:41.966Z"}
{"a2a":true,"level":"info","message":null,"timestamp":"2025-05-19T13:51:41.966Z"}
{"a2a":true,"level":"info","message":null,"timestamp":"2025-05-19T13:51:41.966Z"}
{"a2a":true,"level":"info","message":null,"timestamp":"2025-05-19T13:51:41.966Z"}
{"a2a":true,"level":"info","message":"system","timestamp":"2025-05-19T13:51:41.966Z"}
{"a2a":true,"level":"info","message":"system","timestamp":"2025-05-19T13:51:41.966Z"}
{"a2a":true,"level":"info","message":"system","timestamp":"2025-05-19T13:51:42.469Z"}
{"a2a":true,"level":"info","message":"system","timestamp":"2025-05-19T13:51:42.470Z"}
{"a2a":true,"level":"info","message":"system","timestamp":"2025-05-19T13:51:42.470Z"}
{"a2a":true,"level":"info","message":"system","timestamp":"2025-05-19T13:51:42.470Z"}
{"a2a":true,"level":"info","message":"system","timestamp":"2025-05-19T13:51:42.470Z"}
{"a2a":true,"level":"info","message":null,"timestamp":"2025-05-19T13:51:42.470Z"}
{"a2a":true,"level":"info","message":null,"timestamp":"2025-05-19T13:51:42.471Z"}
{"a2a":true,"level":"info","message":null,"timestamp":"2025-05-19T13:51:42.471Z"}
{"a2a":true,"level":"info","message":"system","timestamp":"2025-05-19T13:51:42.471Z"}
{"a2a":true,"level":"info","message":null,"timestamp":"2025-05-19T13:51:42.471Z"}
{"a2a":true,"level":"info","message":null,"timestamp":"2025-05-19T13:51:42.472Z"}
{"a2a":true,"level":"info","message":null,"timestamp":"2025-05-19T13:51:42.472Z"}
{"a2a":true,"level":"info","message":"system","timestamp":"2025-05-19T13:51:42.472Z"}
{"a2a":true,"level":"info","message":"system","timestamp":"2025-05-19T13:51:42.472Z"}
{"a2a":true,"level":"error","message":"system","timestamp":"2025-05-19T13:51:42.472Z"}
{"a2a":true,"level":"info","message":"system","timestamp":"2025-05-19T13:51:42.473Z"}
{"a2a":true,"level":"info","message":"system","timestamp":"2025-05-19T13:51:42.473Z"}
{"a2a":true,"level":"info","message":"system","timestamp":"2025-05-19T13:51:42.473Z"}
{"a2a":true,"level":"info","message":null,"timestamp":"2025-05-19T13:51:42.473Z"}
{"a2a":true,"level":"info","message":null,"timestamp":"2025-05-19T13:51:42.473Z"}
{"a2a":true,"level":"info","message":null,"timestamp":"2025-05-19T13:51:42.473Z"}
{"a2a":true,"level":"info","message":"system","timestamp":"2025-05-19T13:51:42.484Z"}
{"a2a":true,"level":"info","message":null,"timestamp":"2025-05-19T13:51:42.484Z"}
{"a2a":true,"level":"info","message":null,"timestamp":"2025-05-19T13:51:42.484Z"}
{"a2a":true,"level":"info","message":null,"timestamp":"2025-05-19T13:51:42.484Z"}
{"a2a":true,"level":"error","message":"system","timestamp":"2025-05-19T13:51:42.485Z"}
{"a2a":true,"level":"info","message":null,"timestamp":"2025-05-19T13:51:42.485Z"}
{"a2a":true,"level":"info","message":null,"timestamp":"2025-05-19T13:51:42.485Z"}
{"a2a":true,"level":"info","message":null,"timestamp":"2025-05-19T13:51:42.485Z"}
{"a2a":true,"level":"info","message":"system","timestamp":"2025-05-19T13:51:42.485Z"}
{"a2a":true,"level":"info","message":null,"timestamp":"2025-05-19T13:51:42.485Z"}
{"a2a":true,"level":"info","message":null,"timestamp":"2025-05-19T13:51:42.485Z"}
{"a2a":true,"level":"info","message":null,"timestamp":"2025-05-19T13:51:42.485Z"}
{"a2a":true,"level":"info","message":"system","timestamp":"2025-05-19T13:51:42.485Z"}
{"a2a":true,"level":"info","message":null,"timestamp":"2025-05-19T13:51:42.485Z"}
{"a2a":true,"level":"info","message":null,"timestamp":"2025-05-19T13:51:42.485Z"}
{"a2a":true,"level":"info","message":null,"timestamp":"2025-05-19T13:51:42.485Z"}
{"a2a":true,"level":"info","message":null,"timestamp":"2025-05-19T13:51:42.485Z"}
{"a2a":true,"level":"info","message":null,"timestamp":"2025-05-19T13:51:42.486Z"}
{"a2a":true,"level":"info","message":"system","timestamp":"2025-05-19T13:51:42.486Z"}
{"a2a":true,"level":"info","message":"system","timestamp":"2025-05-19T13:51:42.486Z"}
{"a2a":true,"level":"info","message":"system","timestamp":"2025-05-19T13:51:42.486Z"}
{"a2a":true,"level":"info","message":"system","timestamp":"2025-05-19T13:51:42.486Z"}
{"a2a":true,"level":"info","message":"system","timestamp":"2025-05-19T13:51:42.486Z"}
{"a2a":true,"level":"info","message":"system","timestamp":"2025-05-19T13:51:42.486Z"}
{"a2a":true,"level":"info","message":"system","timestamp":"2025-05-19T13:51:42.486Z"}
{"a2a":true,"level":"info","message":"system","timestamp":"2025-05-19T13:51:42.488Z"}
{"a2a":true,"level":"debug","message":"system","timestamp":"2025-05-19T13:51:43.987Z"}
{"a2a":true,"level":"info","message":"system","timestamp":"2025-05-19T13:51:43.988Z"}
{"a2a":true,"level":"info","message":"system","timestamp":"2025-05-19T13:51:43.988Z"}
{"a2a":true,"level":"debug","message":"system","timestamp":"2025-05-19T13:51:45.374Z"}
{"a2a":true,"level":"info","message":"system","timestamp":"2025-05-19T13:51:45.374Z"}
{"a2a":true,"level":"info","message":"system","timestamp":"2025-05-19T13:51:45.374Z"}
{"a2a":true,"level":"error","message":"system","timestamp":"2025-05-19T13:52:40.750Z"}
{"a2a":true,"level":"debug","message":"system","timestamp":"2025-05-19T13:52:40.751Z"}
{"a2a":true,"level":"error","message":"test","timestamp":"2025-05-19T13:52:44.042Z"}
{"a2a":true,"level":"info","message":"test","timestamp":"2025-05-19T13:52:44.326Z"}
{"a2a":true,"level":"info","message":"[A2A:TASK_CREATE][TASK:018c0647-976f-4bf3-a148-19464c2fd336] Attempting to create task for project test-project","params":{"artifacts":[],"messages":[{"createdAt":"2025-05-19T13:52:44.327Z","id":"63979f1e-e12c-4d81-918a-46f6d65717ee","parts":[{"text":"Build component for space animation","type":"text"}]}],"metadata":{"isTest":true,"source":"a2a-test-router"},"taskId":"b1dd140d-7e19-43c7-8384-5fec2ee6a7fb"},"projectId":"test-project","taskId":"018c0647-976f-4bf3-a148-19464c2fd336","timestamp":"2025-05-19T13:52:44.327Z"}
{"a2a":true,"level":"error","message":"test","timestamp":"2025-05-19T13:52:44.616Z"}
{"a2a":true,"level":"info","message":"system","timestamp":"2025-05-19T13:52:44.699Z"}
{"a2a":true,"level":"info","message":"system","timestamp":"2025-05-19T13:52:44.699Z"}
{"a2a":true,"level":"info","message":"system","timestamp":"2025-05-19T13:52:44.699Z"}
{"a2a":true,"level":"info","message":null,"timestamp":"2025-05-19T13:52:44.699Z"}
{"a2a":true,"level":"info","message":null,"timestamp":"2025-05-19T13:52:44.700Z"}
{"a2a":true,"level":"info","message":null,"timestamp":"2025-05-19T13:52:44.700Z"}
{"a2a":true,"level":"info","message":"system","timestamp":"2025-05-19T13:52:44.700Z"}
{"a2a":true,"level":"info","message":null,"timestamp":"2025-05-19T13:52:44.700Z"}
{"a2a":true,"level":"info","message":null,"timestamp":"2025-05-19T13:52:44.700Z"}
{"a2a":true,"level":"info","message":null,"timestamp":"2025-05-19T13:52:44.700Z"}
{"a2a":true,"level":"info","message":"system","timestamp":"2025-05-19T13:52:44.700Z"}
{"a2a":true,"level":"info","message":null,"timestamp":"2025-05-19T13:52:44.700Z"}
{"a2a":true,"level":"info","message":null,"timestamp":"2025-05-19T13:52:44.700Z"}
{"a2a":true,"level":"info","message":null,"timestamp":"2025-05-19T13:52:44.700Z"}
{"a2a":true,"level":"error","message":"system","timestamp":"2025-05-19T13:52:44.700Z"}
{"a2a":true,"level":"info","message":null,"timestamp":"2025-05-19T13:52:44.701Z"}
{"a2a":true,"level":"info","message":null,"timestamp":"2025-05-19T13:52:44.701Z"}
{"a2a":true,"level":"info","message":null,"timestamp":"2025-05-19T13:52:44.701Z"}
{"a2a":true,"level":"info","message":"system","timestamp":"2025-05-19T13:52:44.701Z"}
{"a2a":true,"level":"info","message":null,"timestamp":"2025-05-19T13:52:44.701Z"}
{"a2a":true,"level":"info","message":null,"timestamp":"2025-05-19T13:52:44.701Z"}
{"a2a":true,"level":"info","message":null,"timestamp":"2025-05-19T13:52:44.701Z"}
{"a2a":true,"level":"info","message":"system","timestamp":"2025-05-19T13:52:44.701Z"}
{"a2a":true,"level":"info","message":"system","timestamp":"2025-05-19T13:52:44.701Z"}
{"a2a":true,"level":"info","message":"test","timestamp":"2025-05-19T13:52:44.904Z"}
{"a2a":true,"level":"error","message":"test","timestamp":"2025-05-19T13:52:44.904Z"}
{"a2a":true,"level":"info","message":"system","timestamp":"2025-05-19T13:52:45.204Z"}
{"a2a":true,"level":"info","message":"system","timestamp":"2025-05-19T13:52:45.204Z"}
{"a2a":true,"level":"info","message":"system","timestamp":"2025-05-19T13:52:45.204Z"}
{"a2a":true,"level":"info","message":"system","timestamp":"2025-05-19T13:52:45.204Z"}
{"a2a":true,"level":"info","message":"system","timestamp":"2025-05-19T13:52:45.204Z"}
{"a2a":true,"level":"info","message":null,"timestamp":"2025-05-19T13:52:45.205Z"}
{"a2a":true,"level":"info","message":null,"timestamp":"2025-05-19T13:52:45.205Z"}
{"a2a":true,"level":"info","message":null,"timestamp":"2025-05-19T13:52:45.205Z"}
{"a2a":true,"level":"info","message":"system","timestamp":"2025-05-19T13:52:45.205Z"}
{"a2a":true,"level":"info","message":null,"timestamp":"2025-05-19T13:52:45.205Z"}
{"a2a":true,"level":"info","message":null,"timestamp":"2025-05-19T13:52:45.205Z"}
{"a2a":true,"level":"info","message":null,"timestamp":"2025-05-19T13:52:45.205Z"}
{"a2a":true,"level":"info","message":"system","timestamp":"2025-05-19T13:52:45.205Z"}
{"a2a":true,"level":"info","message":"system","timestamp":"2025-05-19T13:52:45.205Z"}
{"a2a":true,"level":"error","message":"system","timestamp":"2025-05-19T13:52:45.205Z"}
{"a2a":true,"level":"info","message":"system","timestamp":"2025-05-19T13:52:45.206Z"}
{"a2a":true,"level":"info","message":"system","timestamp":"2025-05-19T13:52:45.206Z"}
{"a2a":true,"level":"info","message":"system","timestamp":"2025-05-19T13:52:45.206Z"}
{"a2a":true,"level":"info","message":null,"timestamp":"2025-05-19T13:52:45.206Z"}
{"a2a":true,"level":"info","message":null,"timestamp":"2025-05-19T13:52:45.206Z"}
{"a2a":true,"level":"info","message":null,"timestamp":"2025-05-19T13:52:45.206Z"}
{"a2a":true,"level":"info","message":"system","timestamp":"2025-05-19T13:52:45.213Z"}
{"a2a":true,"level":"info","message":null,"timestamp":"2025-05-19T13:52:45.213Z"}
{"a2a":true,"level":"info","message":null,"timestamp":"2025-05-19T13:52:45.213Z"}
{"a2a":true,"level":"info","message":null,"timestamp":"2025-05-19T13:52:45.213Z"}
{"a2a":true,"level":"error","message":"system","timestamp":"2025-05-19T13:52:45.214Z"}
{"a2a":true,"level":"info","message":null,"timestamp":"2025-05-19T13:52:45.214Z"}
{"a2a":true,"level":"info","message":null,"timestamp":"2025-05-19T13:52:45.214Z"}
{"a2a":true,"level":"info","message":null,"timestamp":"2025-05-19T13:52:45.214Z"}
{"a2a":true,"level":"info","message":"system","timestamp":"2025-05-19T13:52:45.214Z"}
{"a2a":true,"level":"info","message":null,"timestamp":"2025-05-19T13:52:45.214Z"}
{"a2a":true,"level":"info","message":null,"timestamp":"2025-05-19T13:52:45.214Z"}
{"a2a":true,"level":"info","message":null,"timestamp":"2025-05-19T13:52:45.214Z"}
{"a2a":true,"level":"info","message":"system","timestamp":"2025-05-19T13:52:45.214Z"}
{"a2a":true,"level":"info","message":null,"timestamp":"2025-05-19T13:52:45.214Z"}
{"a2a":true,"level":"info","message":null,"timestamp":"2025-05-19T13:52:45.214Z"}
{"a2a":true,"level":"info","message":null,"timestamp":"2025-05-19T13:52:45.214Z"}
{"a2a":true,"level":"info","message":null,"timestamp":"2025-05-19T13:52:45.214Z"}
{"a2a":true,"level":"info","message":null,"timestamp":"2025-05-19T13:52:45.214Z"}
{"a2a":true,"level":"info","message":"system","timestamp":"2025-05-19T13:52:45.214Z"}
{"a2a":true,"level":"info","message":"system","timestamp":"2025-05-19T13:52:45.214Z"}
{"a2a":true,"level":"info","message":"system","timestamp":"2025-05-19T13:52:45.215Z"}
{"a2a":true,"level":"info","message":"system","timestamp":"2025-05-19T13:52:45.215Z"}
{"a2a":true,"level":"info","message":"system","timestamp":"2025-05-19T13:52:45.215Z"}
{"a2a":true,"level":"info","message":"system","timestamp":"2025-05-19T13:52:45.215Z"}
{"a2a":true,"level":"info","message":"system","timestamp":"2025-05-19T13:52:45.215Z"}
{"a2a":true,"level":"info","message":"system","timestamp":"2025-05-19T13:52:45.215Z"}
{"a2a":true,"level":"info","message":"test","timestamp":"2025-05-19T13:52:45.402Z"}
{"a2a":true,"level":"info","message":"[A2A:TASK_CREATE][TASK:2a6aec8c-f983-46a2-82ac-6fd557354cfd] Attempting to create task for project test-project","params":{"artifacts":[],"messages":[{"createdAt":"2025-05-19T13:52:45.403Z","id":"1893b7ab-7d59-4911-80f2-8c1e499a19d5","parts":[{"text":"Fix errors in component code","type":"text"}]}],"metadata":{"isTest":true,"source":"a2a-test-router"},"taskId":"02868a45-2072-4277-90fc-a2da02b7fb0a"},"projectId":"test-project","taskId":"2a6aec8c-f983-46a2-82ac-6fd557354cfd","timestamp":"2025-05-19T13:52:45.403Z"}
{"a2a":true,"level":"info","message":"system","timestamp":"2025-05-19T13:52:45.463Z"}
{"a2a":true,"level":"info","message":"system","timestamp":"2025-05-19T13:52:45.464Z"}
{"a2a":true,"level":"info","message":"system","timestamp":"2025-05-19T13:52:45.464Z"}
{"a2a":true,"level":"info","message":null,"timestamp":"2025-05-19T13:52:45.464Z"}
{"a2a":true,"level":"info","message":null,"timestamp":"2025-05-19T13:52:45.465Z"}
{"a2a":true,"level":"info","message":null,"timestamp":"2025-05-19T13:52:45.465Z"}
{"a2a":true,"level":"info","message":"system","timestamp":"2025-05-19T13:52:45.465Z"}
{"a2a":true,"level":"info","message":null,"timestamp":"2025-05-19T13:52:45.465Z"}
{"a2a":true,"level":"info","message":null,"timestamp":"2025-05-19T13:52:45.465Z"}
{"a2a":true,"level":"info","message":null,"timestamp":"2025-05-19T13:52:45.465Z"}
{"a2a":true,"level":"info","message":"system","timestamp":"2025-05-19T13:52:45.465Z"}
{"a2a":true,"level":"info","message":null,"timestamp":"2025-05-19T13:52:45.465Z"}
{"a2a":true,"level":"info","message":null,"timestamp":"2025-05-19T13:52:45.466Z"}
{"a2a":true,"level":"info","message":null,"timestamp":"2025-05-19T13:52:45.466Z"}
{"a2a":true,"level":"error","message":"system","timestamp":"2025-05-19T13:52:45.466Z"}
{"a2a":true,"level":"info","message":null,"timestamp":"2025-05-19T13:52:45.466Z"}
{"a2a":true,"level":"info","message":null,"timestamp":"2025-05-19T13:52:45.466Z"}
{"a2a":true,"level":"info","message":null,"timestamp":"2025-05-19T13:52:45.466Z"}
{"a2a":true,"level":"info","message":"system","timestamp":"2025-05-19T13:52:45.466Z"}
{"a2a":true,"level":"info","message":null,"timestamp":"2025-05-19T13:52:45.466Z"}
{"a2a":true,"level":"info","message":null,"timestamp":"2025-05-19T13:52:45.466Z"}
{"a2a":true,"level":"info","message":null,"timestamp":"2025-05-19T13:52:45.466Z"}
{"a2a":true,"level":"info","message":"system","timestamp":"2025-05-19T13:52:45.466Z"}
{"a2a":true,"level":"info","message":"system","timestamp":"2025-05-19T13:52:45.466Z"}
{"a2a":true,"level":"error","message":"test","timestamp":"2025-05-19T13:52:45.695Z"}
{"a2a":true,"level":"info","message":"test","timestamp":"2025-05-19T13:52:45.831Z"}
{"a2a":true,"level":"info","message":"[A2A:TASK_CREATE][TASK:a0d39ec1-caf5-4489-bd54-72aec45bea85] Attempting to create task for project test-project","params":{"artifacts":[],"messages":[{"createdAt":"2025-05-19T13:52:45.831Z","id":"18e06182-6e60-4c64-92e1-d6ddb7d56e7f","parts":[{"text":"Store video assets in R2 bucket","type":"text"}]}],"metadata":{"isTest":true,"source":"a2a-test-router"},"taskId":"b6cbdced-cd91-4387-bbfc-a152be7e1b47"},"projectId":"test-project","taskId":"a0d39ec1-caf5-4489-bd54-72aec45bea85","timestamp":"2025-05-19T13:52:45.831Z"}
{"a2a":true,"level":"info","message":"system","timestamp":"2025-05-19T13:52:45.970Z"}
{"a2a":true,"level":"info","message":"system","timestamp":"2025-05-19T13:52:45.971Z"}
{"a2a":true,"level":"info","message":"system","timestamp":"2025-05-19T13:52:45.971Z"}
{"a2a":true,"level":"info","message":"system","timestamp":"2025-05-19T13:52:45.971Z"}
{"a2a":true,"level":"info","message":"system","timestamp":"2025-05-19T13:52:45.971Z"}
{"a2a":true,"level":"info","message":null,"timestamp":"2025-05-19T13:52:45.971Z"}
{"a2a":true,"level":"info","message":null,"timestamp":"2025-05-19T13:52:45.971Z"}
{"a2a":true,"level":"info","message":null,"timestamp":"2025-05-19T13:52:45.971Z"}
{"a2a":true,"level":"info","message":"system","timestamp":"2025-05-19T13:52:45.971Z"}
{"a2a":true,"level":"info","message":null,"timestamp":"2025-05-19T13:52:45.971Z"}
{"a2a":true,"level":"info","message":null,"timestamp":"2025-05-19T13:52:45.972Z"}
{"a2a":true,"level":"info","message":null,"timestamp":"2025-05-19T13:52:45.972Z"}
{"a2a":true,"level":"info","message":"system","timestamp":"2025-05-19T13:52:45.972Z"}
{"a2a":true,"level":"info","message":"system","timestamp":"2025-05-19T13:52:45.972Z"}
{"a2a":true,"level":"error","message":"system","timestamp":"2025-05-19T13:52:45.972Z"}
{"a2a":true,"level":"info","message":"system","timestamp":"2025-05-19T13:52:45.972Z"}
{"a2a":true,"level":"info","message":"system","timestamp":"2025-05-19T13:52:45.972Z"}
{"a2a":true,"level":"info","message":"system","timestamp":"2025-05-19T13:52:45.972Z"}
{"a2a":true,"level":"info","message":null,"timestamp":"2025-05-19T13:52:45.972Z"}
{"a2a":true,"level":"info","message":null,"timestamp":"2025-05-19T13:52:45.972Z"}
{"a2a":true,"level":"info","message":null,"timestamp":"2025-05-19T13:52:45.972Z"}
{"a2a":true,"level":"info","message":"system","timestamp":"2025-05-19T13:52:45.978Z"}
{"a2a":true,"level":"info","message":null,"timestamp":"2025-05-19T13:52:45.978Z"}
{"a2a":true,"level":"info","message":null,"timestamp":"2025-05-19T13:52:45.978Z"}
{"a2a":true,"level":"info","message":null,"timestamp":"2025-05-19T13:52:45.978Z"}
{"a2a":true,"level":"error","message":"system","timestamp":"2025-05-19T13:52:45.978Z"}
{"a2a":true,"level":"info","message":null,"timestamp":"2025-05-19T13:52:45.978Z"}
{"a2a":true,"level":"info","message":null,"timestamp":"2025-05-19T13:52:45.978Z"}
{"a2a":true,"level":"info","message":null,"timestamp":"2025-05-19T13:52:45.978Z"}
{"a2a":true,"level":"info","message":"system","timestamp":"2025-05-19T13:52:45.978Z"}
{"a2a":true,"level":"info","message":null,"timestamp":"2025-05-19T13:52:45.978Z"}
{"a2a":true,"level":"info","message":null,"timestamp":"2025-05-19T13:52:45.978Z"}
{"a2a":true,"level":"info","message":null,"timestamp":"2025-05-19T13:52:45.978Z"}
{"a2a":true,"level":"info","message":"system","timestamp":"2025-05-19T13:52:45.978Z"}
{"a2a":true,"level":"info","message":null,"timestamp":"2025-05-19T13:52:45.978Z"}
{"a2a":true,"level":"info","message":null,"timestamp":"2025-05-19T13:52:45.978Z"}
{"a2a":true,"level":"info","message":null,"timestamp":"2025-05-19T13:52:45.978Z"}
{"a2a":true,"level":"info","message":null,"timestamp":"2025-05-19T13:52:45.978Z"}
{"a2a":true,"level":"info","message":null,"timestamp":"2025-05-19T13:52:45.978Z"}
{"a2a":true,"level":"info","message":"system","timestamp":"2025-05-19T13:52:45.978Z"}
{"a2a":true,"level":"info","message":"system","timestamp":"2025-05-19T13:52:45.979Z"}
{"a2a":true,"level":"info","message":"system","timestamp":"2025-05-19T13:52:45.979Z"}
{"a2a":true,"level":"info","message":"system","timestamp":"2025-05-19T13:52:45.979Z"}
{"a2a":true,"level":"info","message":"system","timestamp":"2025-05-19T13:52:45.979Z"}
{"a2a":true,"level":"info","message":"system","timestamp":"2025-05-19T13:52:45.979Z"}
{"a2a":true,"level":"info","message":"system","timestamp":"2025-05-19T13:52:45.979Z"}
{"a2a":true,"level":"info","message":"system","timestamp":"2025-05-19T13:52:45.979Z"}
{"a2a":true,"level":"error","message":"test","timestamp":"2025-05-19T13:52:46.168Z"}
{"a2a":true,"level":"info","message":"system","timestamp":"2025-05-19T13:52:46.233Z"}
{"a2a":true,"level":"info","message":"system","timestamp":"2025-05-19T13:52:46.233Z"}
{"a2a":true,"level":"info","message":"system","timestamp":"2025-05-19T13:52:46.234Z"}
{"a2a":true,"level":"info","message":null,"timestamp":"2025-05-19T13:52:46.234Z"}
{"a2a":true,"level":"info","message":null,"timestamp":"2025-05-19T13:52:46.234Z"}
{"a2a":true,"level":"info","message":null,"timestamp":"2025-05-19T13:52:46.234Z"}
{"a2a":true,"level":"info","message":"system","timestamp":"2025-05-19T13:52:46.234Z"}
{"a2a":true,"level":"info","message":null,"timestamp":"2025-05-19T13:52:46.234Z"}
{"a2a":true,"level":"info","message":null,"timestamp":"2025-05-19T13:52:46.235Z"}
{"a2a":true,"level":"info","message":null,"timestamp":"2025-05-19T13:52:46.235Z"}
{"a2a":true,"level":"info","message":"system","timestamp":"2025-05-19T13:52:46.235Z"}
{"a2a":true,"level":"info","message":null,"timestamp":"2025-05-19T13:52:46.235Z"}
{"a2a":true,"level":"info","message":null,"timestamp":"2025-05-19T13:52:46.235Z"}
{"a2a":true,"level":"info","message":null,"timestamp":"2025-05-19T13:52:46.235Z"}
{"a2a":true,"level":"error","message":"system","timestamp":"2025-05-19T13:52:46.235Z"}
{"a2a":true,"level":"info","message":null,"timestamp":"2025-05-19T13:52:46.235Z"}
{"a2a":true,"level":"info","message":null,"timestamp":"2025-05-19T13:52:46.235Z"}
{"a2a":true,"level":"info","message":null,"timestamp":"2025-05-19T13:52:46.235Z"}
{"a2a":true,"level":"info","message":"system","timestamp":"2025-05-19T13:52:46.235Z"}
{"a2a":true,"level":"info","message":null,"timestamp":"2025-05-19T13:52:46.235Z"}
{"a2a":true,"level":"info","message":null,"timestamp":"2025-05-19T13:52:46.236Z"}
{"a2a":true,"level":"info","message":null,"timestamp":"2025-05-19T13:52:46.236Z"}
{"a2a":true,"level":"info","message":"system","timestamp":"2025-05-19T13:52:46.236Z"}
{"a2a":true,"level":"info","message":"system","timestamp":"2025-05-19T13:52:46.236Z"}
{"a2a":true,"level":"info","message":"system","timestamp":"2025-05-19T13:52:46.738Z"}
{"a2a":true,"level":"info","message":"system","timestamp":"2025-05-19T13:52:46.739Z"}
{"a2a":true,"level":"info","message":"system","timestamp":"2025-05-19T13:52:46.739Z"}
{"a2a":true,"level":"info","message":"system","timestamp":"2025-05-19T13:52:46.739Z"}
{"a2a":true,"level":"info","message":"system","timestamp":"2025-05-19T13:52:46.739Z"}
{"a2a":true,"level":"info","message":null,"timestamp":"2025-05-19T13:52:46.739Z"}
{"a2a":true,"level":"info","message":null,"timestamp":"2025-05-19T13:52:46.740Z"}
{"a2a":true,"level":"info","message":null,"timestamp":"2025-05-19T13:52:46.740Z"}
{"a2a":true,"level":"info","message":"system","timestamp":"2025-05-19T13:52:46.740Z"}
{"a2a":true,"level":"info","message":null,"timestamp":"2025-05-19T13:52:46.740Z"}
{"a2a":true,"level":"info","message":null,"timestamp":"2025-05-19T13:52:46.740Z"}
{"a2a":true,"level":"info","message":null,"timestamp":"2025-05-19T13:52:46.740Z"}
{"a2a":true,"level":"info","message":"system","timestamp":"2025-05-19T13:52:46.741Z"}
{"a2a":true,"level":"info","message":"system","timestamp":"2025-05-19T13:52:46.741Z"}
{"a2a":true,"level":"error","message":"system","timestamp":"2025-05-19T13:52:46.741Z"}
{"a2a":true,"level":"info","message":"system","timestamp":"2025-05-19T13:52:46.741Z"}
{"a2a":true,"level":"info","message":"system","timestamp":"2025-05-19T13:52:46.741Z"}
{"a2a":true,"level":"info","message":"system","timestamp":"2025-05-19T13:52:46.741Z"}
{"a2a":true,"level":"info","message":null,"timestamp":"2025-05-19T13:52:46.741Z"}
{"a2a":true,"level":"info","message":null,"timestamp":"2025-05-19T13:52:46.741Z"}
{"a2a":true,"level":"info","message":null,"timestamp":"2025-05-19T13:52:46.741Z"}
{"a2a":true,"level":"info","message":"system","timestamp":"2025-05-19T13:52:46.749Z"}
{"a2a":true,"level":"info","message":null,"timestamp":"2025-05-19T13:52:46.749Z"}
{"a2a":true,"level":"info","message":null,"timestamp":"2025-05-19T13:52:46.749Z"}
{"a2a":true,"level":"info","message":null,"timestamp":"2025-05-19T13:52:46.749Z"}
{"a2a":true,"level":"error","message":"system","timestamp":"2025-05-19T13:52:46.749Z"}
{"a2a":true,"level":"info","message":null,"timestamp":"2025-05-19T13:52:46.750Z"}
{"a2a":true,"level":"info","message":null,"timestamp":"2025-05-19T13:52:46.750Z"}
{"a2a":true,"level":"info","message":null,"timestamp":"2025-05-19T13:52:46.750Z"}
{"a2a":true,"level":"info","message":"system","timestamp":"2025-05-19T13:52:46.750Z"}
{"a2a":true,"level":"info","message":null,"timestamp":"2025-05-19T13:52:46.750Z"}
{"a2a":true,"level":"info","message":null,"timestamp":"2025-05-19T13:52:46.750Z"}
{"a2a":true,"level":"info","message":null,"timestamp":"2025-05-19T13:52:46.750Z"}
{"a2a":true,"level":"info","message":"system","timestamp":"2025-05-19T13:52:46.750Z"}
{"a2a":true,"level":"info","message":null,"timestamp":"2025-05-19T13:52:46.750Z"}
{"a2a":true,"level":"info","message":null,"timestamp":"2025-05-19T13:52:46.750Z"}
{"a2a":true,"level":"info","message":null,"timestamp":"2025-05-19T13:52:46.750Z"}
{"a2a":true,"level":"info","message":null,"timestamp":"2025-05-19T13:52:46.750Z"}
{"a2a":true,"level":"info","message":null,"timestamp":"2025-05-19T13:52:46.750Z"}
{"a2a":true,"level":"info","message":"system","timestamp":"2025-05-19T13:52:46.750Z"}
{"a2a":true,"level":"info","message":"system","timestamp":"2025-05-19T13:52:46.750Z"}
{"a2a":true,"level":"info","message":"system","timestamp":"2025-05-19T13:52:46.750Z"}
{"a2a":true,"level":"info","message":"system","timestamp":"2025-05-19T13:52:46.750Z"}
{"a2a":true,"level":"info","message":"system","timestamp":"2025-05-19T13:52:46.750Z"}
{"a2a":true,"level":"info","message":"system","timestamp":"2025-05-19T13:52:46.751Z"}
{"a2a":true,"level":"info","message":"system","timestamp":"2025-05-19T13:52:46.751Z"}
{"a2a":true,"level":"info","message":"system","timestamp":"2025-05-19T13:52:46.751Z"}
{"a2a":true,"level":"error","message":"system","timestamp":"2025-05-19T13:53:01.554Z"}
{"a2a":true,"level":"debug","message":"system","timestamp":"2025-05-19T13:53:01.554Z"}
{"a2a":true,"level":"error","message":"system","timestamp":"2025-05-19T13:53:41.810Z"}
{"a2a":true,"level":"debug","message":"system","timestamp":"2025-05-19T13:53:41.811Z"}
{"a2a":true,"level":"error","message":"system","timestamp":"2025-05-19T13:55:02.608Z"}
{"a2a":true,"level":"debug","message":"system","timestamp":"2025-05-19T13:55:02.609Z"}
{"a2a":true,"level":"error","message":"system","timestamp":"2025-05-19T13:57:53.461Z"}
{"a2a":true,"level":"debug","message":"system","timestamp":"2025-05-19T13:57:53.461Z"}
