{"error":{"name":"NeonDbError","sourceError":{"cause":{"code":"UND_ERR_CONNECT_TIMEOUT","message":"Connect Timeout Error","name":"ConnectTimeoutError"}}},"level":"error","message":"Error checking for pending jobs:","timestamp":"2025-05-20T17:36:37.357Z","worker":"BuildWorker"}
{"error":{"name":"NeonDbError","sourceError":{"cause":{"code":"UND_ERR_CONNECT_TIMEOUT","message":"Connect Timeout Error","name":"ConnectTimeoutError"}}},"level":"error","message":"Error checking for 'queued_for_generation' jobs:","timestamp":"2025-05-20T17:36:37.361Z","worker":"CodeGenWorker"}
{"error":{"name":"NeonDbError","sourceError":{"cause":{"code":"UND_ERR_CONNECT_TIMEOUT","message":"Connect Timeout Error","name":"ConnectTimeoutError"}}},"level":"error","message":"Error in code generation worker loop:","timestamp":"2025-05-20T17:36:37.362Z","worker":"CodeGenWorker"}
{"error":{"name":"NeonDbError","sourceError":{"cause":{"code":"UND_ERR_CONNECT_TIMEOUT","message":"Connect Timeout Error","name":"ConnectTimeoutError"}}},"level":"error","message":"Error checking for pending jobs:","timestamp":"2025-05-20T17:36:47.354Z","worker":"BuildWorker"}
{"error":{"name":"NeonDbError","sourceError":{"cause":{"code":"UND_ERR_CONNECT_TIMEOUT","message":"Connect Timeout Error","name":"ConnectTimeoutError"}}},"level":"error","message":"Error checking for 'queued_for_generation' jobs:","timestamp":"2025-05-20T17:36:47.356Z","worker":"CodeGenWorker"}
{"error":{"name":"NeonDbError","sourceError":{"cause":{"code":"UND_ERR_CONNECT_TIMEOUT","message":"Connect Timeout Error","name":"ConnectTimeoutError"}}},"level":"error","message":"Error in code generation worker loop:","timestamp":"2025-05-20T17:36:47.356Z","worker":"CodeGenWorker"}
{"error":{"name":"NeonDbError","sourceError":{"cause":{"code":"UND_ERR_CONNECT_TIMEOUT","message":"Connect Timeout Error","name":"ConnectTimeoutError"}}},"level":"error","message":"Error checking for pending jobs:","timestamp":"2025-05-20T17:36:57.359Z","worker":"BuildWorker"}
{"error":{"name":"NeonDbError","sourceError":{"cause":{"code":"UND_ERR_CONNECT_TIMEOUT","message":"Connect Timeout Error","name":"ConnectTimeoutError"}}},"level":"error","message":"Error checking for 'queued_for_generation' jobs:","timestamp":"2025-05-20T17:36:57.360Z","worker":"CodeGenWorker"}
{"error":{"name":"NeonDbError","sourceError":{"cause":{"code":"UND_ERR_CONNECT_TIMEOUT","message":"Connect Timeout Error","name":"ConnectTimeoutError"}}},"level":"error","message":"Error in code generation worker loop:","timestamp":"2025-05-20T17:36:57.360Z","worker":"CodeGenWorker"}
{"error":{"name":"NeonDbError","sourceError":{"cause":{"code":"UND_ERR_CONNECT_TIMEOUT","message":"Connect Timeout Error","name":"ConnectTimeoutError"}}},"level":"error","message":"Error checking for pending jobs:","timestamp":"2025-05-20T17:37:07.357Z","worker":"BuildWorker"}
{"error":{"name":"NeonDbError","sourceError":{"cause":{"code":"UND_ERR_CONNECT_TIMEOUT","message":"Connect Timeout Error","name":"ConnectTimeoutError"}}},"level":"error","message":"Error checking for 'queued_for_generation' jobs:","timestamp":"2025-05-20T17:37:07.359Z","worker":"CodeGenWorker"}
{"error":{"name":"NeonDbError","sourceError":{"cause":{"code":"UND_ERR_CONNECT_TIMEOUT","message":"Connect Timeout Error","name":"ConnectTimeoutError"}}},"level":"error","message":"Error in code generation worker loop:","timestamp":"2025-05-20T17:37:07.359Z","worker":"CodeGenWorker"}
{"error":{"name":"NeonDbError","sourceError":{"cause":{"code":"UND_ERR_CONNECT_TIMEOUT","message":"Connect Timeout Error","name":"ConnectTimeoutError"}}},"level":"error","message":"Error checking for pending jobs:","timestamp":"2025-05-20T17:38:47.366Z","worker":"BuildWorker"}
{"error":{"name":"NeonDbError","sourceError":{"cause":{"code":"UND_ERR_CONNECT_TIMEOUT","message":"Connect Timeout Error","name":"ConnectTimeoutError"}}},"level":"error","message":"Error checking for 'queued_for_generation' jobs:","timestamp":"2025-05-20T17:38:47.367Z","worker":"CodeGenWorker"}
{"error":{"name":"NeonDbError","sourceError":{"cause":{"code":"UND_ERR_CONNECT_TIMEOUT","message":"Connect Timeout Error","name":"ConnectTimeoutError"}}},"level":"error","message":"Error in code generation worker loop:","timestamp":"2025-05-20T17:38:47.367Z","worker":"CodeGenWorker"}
{"error":{"name":"NeonDbError","sourceError":{"cause":{"code":"UND_ERR_CONNECT_TIMEOUT","message":"Connect Timeout Error","name":"ConnectTimeoutError"}}},"level":"error","message":"Error checking for pending jobs:","timestamp":"2025-05-20T17:38:57.370Z","worker":"BuildWorker"}
{"error":{"name":"NeonDbError","sourceError":{"cause":{"code":"UND_ERR_CONNECT_TIMEOUT","message":"Connect Timeout Error","name":"ConnectTimeoutError"}}},"level":"error","message":"Error checking for 'queued_for_generation' jobs:","timestamp":"2025-05-20T17:38:57.371Z","worker":"CodeGenWorker"}
{"error":{"name":"NeonDbError","sourceError":{"cause":{"code":"UND_ERR_CONNECT_TIMEOUT","message":"Connect Timeout Error","name":"ConnectTimeoutError"}}},"level":"error","message":"Error in code generation worker loop:","timestamp":"2025-05-20T17:38:57.372Z","worker":"CodeGenWorker"}
{"error":{"name":"NeonDbError","sourceError":{"cause":{"code":"UND_ERR_CONNECT_TIMEOUT","message":"Connect Timeout Error","name":"ConnectTimeoutError"}}},"level":"error","message":"Error checking for pending jobs:","timestamp":"2025-05-20T17:39:07.371Z","worker":"BuildWorker"}
{"error":{"name":"NeonDbError","sourceError":{"cause":{"code":"UND_ERR_CONNECT_TIMEOUT","message":"Connect Timeout Error","name":"ConnectTimeoutError"}}},"level":"error","message":"Error checking for 'queued_for_generation' jobs:","timestamp":"2025-05-20T17:39:07.372Z","worker":"CodeGenWorker"}
{"error":{"name":"NeonDbError","sourceError":{"cause":{"code":"UND_ERR_CONNECT_TIMEOUT","message":"Connect Timeout Error","name":"ConnectTimeoutError"}}},"level":"error","message":"Error in code generation worker loop:","timestamp":"2025-05-20T17:39:07.372Z","worker":"CodeGenWorker"}
{"error":{"name":"NeonDbError","sourceError":{"cause":{"code":"UND_ERR_CONNECT_TIMEOUT","message":"Connect Timeout Error","name":"ConnectTimeoutError"}}},"level":"error","message":"Error checking for pending jobs:","timestamp":"2025-05-20T17:39:17.369Z","worker":"BuildWorker"}
{"error":{"name":"NeonDbError","sourceError":{"cause":{"code":"UND_ERR_CONNECT_TIMEOUT","message":"Connect Timeout Error","name":"ConnectTimeoutError"}}},"level":"error","message":"Error checking for 'queued_for_generation' jobs:","timestamp":"2025-05-20T17:39:17.371Z","worker":"CodeGenWorker"}
{"error":{"name":"NeonDbError","sourceError":{"cause":{"code":"UND_ERR_CONNECT_TIMEOUT","message":"Connect Timeout Error","name":"ConnectTimeoutError"}}},"level":"error","message":"Error in code generation worker loop:","timestamp":"2025-05-20T17:39:17.371Z","worker":"CodeGenWorker"}
{"error":{"name":"NeonDbError","sourceError":{"cause":{"code":"ECONNRESET","errno":-54,"syscall":"read"}}},"level":"error","message":"Error checking for 'queued_for_generation' jobs:","timestamp":"2025-05-20T17:41:39.248Z","worker":"CodeGenWorker"}
{"error":{"name":"NeonDbError","sourceError":{"cause":{"code":"ECONNRESET","errno":-54,"syscall":"read"}}},"level":"error","message":"Error in code generation worker loop:","timestamp":"2025-05-20T17:41:39.249Z","worker":"CodeGenWorker"}
{"error":{"name":"NeonDbError","sourceError":{"cause":{"code":"ECONNRESET","errno":-54,"syscall":"read"}}},"level":"error","message":"Error checking for pending jobs:","timestamp":"2025-05-20T19:55:42.717Z","worker":"BuildWorker"}
{"error":{"name":"NeonDbError","sourceError":{"cause":{"code":"UND_ERR_CONNECT_TIMEOUT","message":"Connect Timeout Error","name":"ConnectTimeoutError"}}},"level":"error","message":"Error checking for 'queued_for_generation' jobs:","timestamp":"2025-05-21T03:08:26.457Z","worker":"CodeGenWorker"}
{"error":{"name":"NeonDbError","sourceError":{"cause":{"code":"UND_ERR_CONNECT_TIMEOUT","message":"Connect Timeout Error","name":"ConnectTimeoutError"}}},"level":"error","message":"Error in code generation worker loop:","timestamp":"2025-05-21T03:08:26.459Z","worker":"CodeGenWorker"}
{"error":{"name":"NeonDbError","sourceError":{"cause":{"code":"UND_ERR_CONNECT_TIMEOUT","message":"Connect Timeout Error","name":"ConnectTimeoutError"}}},"level":"error","message":"Error checking for pending jobs:","timestamp":"2025-05-21T03:08:27.562Z","worker":"BuildWorker"}
{"error":{"name":"NeonDbError","sourceError":{"cause":{"code":"UND_ERR_CONNECT_TIMEOUT","message":"Connect Timeout Error","name":"ConnectTimeoutError"}}},"level":"error","message":"Error checking for pending jobs:","timestamp":"2025-05-21T03:09:07.566Z","worker":"BuildWorker"}
{"error":{"name":"NeonDbError","sourceError":{"cause":{"code":"UND_ERR_CONNECT_TIMEOUT","message":"Connect Timeout Error","name":"ConnectTimeoutError"}}},"level":"error","message":"Error checking for 'queued_for_generation' jobs:","timestamp":"2025-05-21T03:09:16.459Z","worker":"CodeGenWorker"}
{"error":{"name":"NeonDbError","sourceError":{"cause":{"code":"UND_ERR_CONNECT_TIMEOUT","message":"Connect Timeout Error","name":"ConnectTimeoutError"}}},"level":"error","message":"Error in code generation worker loop:","timestamp":"2025-05-21T03:09:16.459Z","worker":"CodeGenWorker"}
{"error":{"name":"NeonDbError","sourceError":{"cause":{"code":"UND_ERR_CONNECT_TIMEOUT","message":"Connect Timeout Error","name":"ConnectTimeoutError"}}},"level":"error","message":"Error checking for pending jobs:","timestamp":"2025-05-21T03:09:17.566Z","worker":"BuildWorker"}
{"error":{"name":"NeonDbError","sourceError":{"cause":{"code":"UND_ERR_CONNECT_TIMEOUT","message":"Connect Timeout Error","name":"ConnectTimeoutError"}}},"level":"error","message":"Error checking for pending jobs:","timestamp":"2025-05-21T03:09:27.567Z","worker":"BuildWorker"}
{"error":{"name":"NeonDbError","sourceError":{"cause":{"code":"UND_ERR_CONNECT_TIMEOUT","message":"Connect Timeout Error","name":"ConnectTimeoutError"}}},"level":"error","message":"Error checking for 'queued_for_generation' jobs:","timestamp":"2025-05-21T03:09:36.463Z","worker":"CodeGenWorker"}
{"error":{"name":"NeonDbError","sourceError":{"cause":{"code":"UND_ERR_CONNECT_TIMEOUT","message":"Connect Timeout Error","name":"ConnectTimeoutError"}}},"level":"error","message":"Error in code generation worker loop:","timestamp":"2025-05-21T03:09:36.463Z","worker":"CodeGenWorker"}
{"error":{"name":"NeonDbError","sourceError":{"cause":{"code":"UND_ERR_CONNECT_TIMEOUT","message":"Connect Timeout Error","name":"ConnectTimeoutError"}}},"level":"error","message":"Error checking for pending jobs:","timestamp":"2025-05-21T03:09:37.568Z","worker":"BuildWorker"}
{"error":{"name":"NeonDbError","sourceError":{"cause":{"code":"UND_ERR_CONNECT_TIMEOUT","message":"Connect Timeout Error","name":"ConnectTimeoutError"}}},"level":"error","message":"Error checking for 'queued_for_generation' jobs:","timestamp":"2025-05-21T03:09:46.463Z","worker":"CodeGenWorker"}
{"error":{"name":"NeonDbError","sourceError":{"cause":{"code":"UND_ERR_CONNECT_TIMEOUT","message":"Connect Timeout Error","name":"ConnectTimeoutError"}}},"level":"error","message":"Error in code generation worker loop:","timestamp":"2025-05-21T03:09:46.464Z","worker":"CodeGenWorker"}
{"error":{"name":"NeonDbError","sourceError":{"cause":{"code":"UND_ERR_CONNECT_TIMEOUT","message":"Connect Timeout Error","name":"ConnectTimeoutError"}}},"level":"error","message":"Error checking for 'queued_for_generation' jobs:","timestamp":"2025-05-21T03:09:56.463Z","worker":"CodeGenWorker"}
{"error":{"name":"NeonDbError","sourceError":{"cause":{"code":"UND_ERR_CONNECT_TIMEOUT","message":"Connect Timeout Error","name":"ConnectTimeoutError"}}},"level":"error","message":"Error in code generation worker loop:","timestamp":"2025-05-21T03:09:56.464Z","worker":"CodeGenWorker"}
{"error":{"name":"NeonDbError","sourceError":{"cause":{"code":"UND_ERR_CONNECT_TIMEOUT","message":"Connect Timeout Error","name":"ConnectTimeoutError"}}},"level":"error","message":"Error checking for 'queued_for_generation' jobs:","timestamp":"2025-05-21T03:10:06.464Z","worker":"CodeGenWorker"}
{"error":{"name":"NeonDbError","sourceError":{"cause":{"code":"UND_ERR_CONNECT_TIMEOUT","message":"Connect Timeout Error","name":"ConnectTimeoutError"}}},"level":"error","message":"Error in code generation worker loop:","timestamp":"2025-05-21T03:10:06.465Z","worker":"CodeGenWorker"}
{"error":{"name":"NeonDbError","sourceError":{"cause":{"code":"UND_ERR_CONNECT_TIMEOUT","message":"Connect Timeout Error","name":"ConnectTimeoutError"}}},"level":"error","message":"Error checking for pending jobs:","timestamp":"2025-05-21T03:10:47.572Z","worker":"BuildWorker"}
{"error":{"name":"NeonDbError","sourceError":{"cause":{"code":"UND_ERR_CONNECT_TIMEOUT","message":"Connect Timeout Error","name":"ConnectTimeoutError"}}},"level":"error","message":"Error checking for 'queued_for_generation' jobs:","timestamp":"2025-05-21T03:10:56.467Z","worker":"CodeGenWorker"}
{"error":{"name":"NeonDbError","sourceError":{"cause":{"code":"UND_ERR_CONNECT_TIMEOUT","message":"Connect Timeout Error","name":"ConnectTimeoutError"}}},"level":"error","message":"Error in code generation worker loop:","timestamp":"2025-05-21T03:10:56.467Z","worker":"CodeGenWorker"}
{"error":{"name":"NeonDbError","sourceError":{"cause":{"code":"UND_ERR_CONNECT_TIMEOUT","message":"Connect Timeout Error","name":"ConnectTimeoutError"}}},"level":"error","message":"Error checking for pending jobs:","timestamp":"2025-05-21T03:11:07.574Z","worker":"BuildWorker"}
{"error":{"name":"NeonDbError","sourceError":{"cause":{"code":"UND_ERR_CONNECT_TIMEOUT","message":"Connect Timeout Error","name":"ConnectTimeoutError"}}},"level":"error","message":"Error checking for pending jobs:","timestamp":"2025-05-21T03:11:17.575Z","worker":"BuildWorker"}
{"level":"error","message":"system","module":"a2a","timestamp":"2025-05-21T03:11:19.303Z"}
{"error":{"name":"NeonDbError","sourceError":{"cause":{"code":"UND_ERR_CONNECT_TIMEOUT","message":"Connect Timeout Error","name":"ConnectTimeoutError"}}},"level":"error","message":"Error checking for pending jobs:","timestamp":"2025-05-21T03:11:37.575Z","worker":"BuildWorker"}
{"error":{"name":"NeonDbError","sourceError":{"cause":{"code":"UND_ERR_CONNECT_TIMEOUT","message":"Connect Timeout Error","name":"ConnectTimeoutError"}}},"level":"error","message":"Error checking for 'queued_for_generation' jobs:","timestamp":"2025-05-21T03:12:16.477Z","worker":"CodeGenWorker"}
{"error":{"name":"NeonDbError","sourceError":{"cause":{"code":"UND_ERR_CONNECT_TIMEOUT","message":"Connect Timeout Error","name":"ConnectTimeoutError"}}},"level":"error","message":"Error in code generation worker loop:","timestamp":"2025-05-21T03:12:16.477Z","worker":"CodeGenWorker"}
{"error":{"name":"NeonDbError","sourceError":{"cause":{"code":"UND_ERR_CONNECT_TIMEOUT","message":"Connect Timeout Error","name":"ConnectTimeoutError"}}},"level":"error","message":"Error checking for 'queued_for_generation' jobs:","timestamp":"2025-05-21T03:12:26.478Z","worker":"CodeGenWorker"}
{"error":{"name":"NeonDbError","sourceError":{"cause":{"code":"UND_ERR_CONNECT_TIMEOUT","message":"Connect Timeout Error","name":"ConnectTimeoutError"}}},"level":"error","message":"Error in code generation worker loop:","timestamp":"2025-05-21T03:12:26.478Z","worker":"CodeGenWorker"}
{"error":{"name":"NeonDbError","sourceError":{"cause":{"code":"UND_ERR_CONNECT_TIMEOUT","message":"Connect Timeout Error","name":"ConnectTimeoutError"}}},"level":"error","message":"Error checking for pending jobs:","timestamp":"2025-05-21T03:12:27.580Z","worker":"BuildWorker"}
{"error":{"name":"NeonDbError","sourceError":{"cause":{"code":"UND_ERR_CONNECT_TIMEOUT","message":"Connect Timeout Error","name":"ConnectTimeoutError"}}},"level":"error","message":"Error checking for 'queued_for_generation' jobs:","timestamp":"2025-05-21T03:12:36.477Z","worker":"CodeGenWorker"}
{"error":{"name":"NeonDbError","sourceError":{"cause":{"code":"UND_ERR_CONNECT_TIMEOUT","message":"Connect Timeout Error","name":"ConnectTimeoutError"}}},"level":"error","message":"Error in code generation worker loop:","timestamp":"2025-05-21T03:12:36.478Z","worker":"CodeGenWorker"}
{"error":{"name":"NeonDbError","sourceError":{"cause":{"code":"UND_ERR_CONNECT_TIMEOUT","message":"Connect Timeout Error","name":"ConnectTimeoutError"}}},"level":"error","message":"Error checking for pending jobs:","timestamp":"2025-05-21T03:12:37.581Z","worker":"BuildWorker"}
{"error":{"name":"NeonDbError","sourceError":{"cause":{"code":"UND_ERR_CONNECT_TIMEOUT","message":"Connect Timeout Error","name":"ConnectTimeoutError"}}},"level":"error","message":"Error checking for pending jobs:","timestamp":"2025-05-21T03:13:07.586Z","worker":"BuildWorker"}
{"error":{"name":"NeonDbError","sourceError":{"cause":{"code":"UND_ERR_CONNECT_TIMEOUT","message":"Connect Timeout Error","name":"ConnectTimeoutError"}}},"level":"error","message":"Error checking for 'queued_for_generation' jobs:","timestamp":"2025-05-21T03:13:46.485Z","worker":"CodeGenWorker"}
{"error":{"name":"NeonDbError","sourceError":{"cause":{"code":"UND_ERR_CONNECT_TIMEOUT","message":"Connect Timeout Error","name":"ConnectTimeoutError"}}},"level":"error","message":"Error in code generation worker loop:","timestamp":"2025-05-21T03:13:46.485Z","worker":"CodeGenWorker"}
{"error":{"name":"NeonDbError","sourceError":{"cause":{"code":"UND_ERR_CONNECT_TIMEOUT","message":"Connect Timeout Error","name":"ConnectTimeoutError"}}},"level":"error","message":"Error checking for pending jobs:","timestamp":"2025-05-21T03:13:47.590Z","worker":"BuildWorker"}
{"error":{"name":"NeonDbError","sourceError":{"cause":{"code":"UND_ERR_CONNECT_TIMEOUT","message":"Connect Timeout Error","name":"ConnectTimeoutError"}}},"level":"error","message":"Error checking for 'queued_for_generation' jobs:","timestamp":"2025-05-21T03:13:56.486Z","worker":"CodeGenWorker"}
{"error":{"name":"NeonDbError","sourceError":{"cause":{"code":"UND_ERR_CONNECT_TIMEOUT","message":"Connect Timeout Error","name":"ConnectTimeoutError"}}},"level":"error","message":"Error in code generation worker loop:","timestamp":"2025-05-21T03:13:56.487Z","worker":"CodeGenWorker"}
{"error":{"name":"NeonDbError","sourceError":{"cause":{"code":"UND_ERR_CONNECT_TIMEOUT","message":"Connect Timeout Error","name":"ConnectTimeoutError"}}},"level":"error","message":"Error checking for pending jobs:","timestamp":"2025-05-21T03:13:57.592Z","worker":"BuildWorker"}
{"error":{"name":"NeonDbError","sourceError":{"cause":{"code":"UND_ERR_CONNECT_TIMEOUT","message":"Connect Timeout Error","name":"ConnectTimeoutError"}}},"level":"error","message":"Error checking for 'queued_for_generation' jobs:","timestamp":"2025-05-21T03:14:06.486Z","worker":"CodeGenWorker"}
{"error":{"name":"NeonDbError","sourceError":{"cause":{"code":"UND_ERR_CONNECT_TIMEOUT","message":"Connect Timeout Error","name":"ConnectTimeoutError"}}},"level":"error","message":"Error in code generation worker loop:","timestamp":"2025-05-21T03:14:06.487Z","worker":"CodeGenWorker"}
{"error":{"name":"NeonDbError","sourceError":{"cause":{"code":"UND_ERR_CONNECT_TIMEOUT","message":"Connect Timeout Error","name":"ConnectTimeoutError"}}},"level":"error","message":"Error checking for 'queued_for_generation' jobs:","timestamp":"2025-05-21T03:14:56.487Z","worker":"CodeGenWorker"}
{"error":{"name":"NeonDbError","sourceError":{"cause":{"code":"UND_ERR_CONNECT_TIMEOUT","message":"Connect Timeout Error","name":"ConnectTimeoutError"}}},"level":"error","message":"Error in code generation worker loop:","timestamp":"2025-05-21T03:14:56.488Z","worker":"CodeGenWorker"}
{"error":{"name":"NeonDbError","sourceError":{"cause":{"code":"UND_ERR_CONNECT_TIMEOUT","message":"Connect Timeout Error","name":"ConnectTimeoutError"}}},"level":"error","message":"Error checking for 'queued_for_generation' jobs:","timestamp":"2025-05-21T03:15:06.488Z","worker":"CodeGenWorker"}
{"error":{"name":"NeonDbError","sourceError":{"cause":{"code":"UND_ERR_CONNECT_TIMEOUT","message":"Connect Timeout Error","name":"ConnectTimeoutError"}}},"level":"error","message":"Error in code generation worker loop:","timestamp":"2025-05-21T03:15:06.489Z","worker":"CodeGenWorker"}
{"error":{"name":"NeonDbError","sourceError":{"cause":{"code":"UND_ERR_CONNECT_TIMEOUT","message":"Connect Timeout Error","name":"ConnectTimeoutError"}}},"level":"error","message":"Error checking for pending jobs:","timestamp":"2025-05-21T03:15:07.597Z","worker":"BuildWorker"}
{"error":{"name":"NeonDbError","sourceError":{"cause":{"code":"UND_ERR_CONNECT_TIMEOUT","message":"Connect Timeout Error","name":"ConnectTimeoutError"}}},"level":"error","message":"Error checking for 'queued_for_generation' jobs:","timestamp":"2025-05-21T03:15:16.488Z","worker":"CodeGenWorker"}
{"error":{"name":"NeonDbError","sourceError":{"cause":{"code":"UND_ERR_CONNECT_TIMEOUT","message":"Connect Timeout Error","name":"ConnectTimeoutError"}}},"level":"error","message":"Error in code generation worker loop:","timestamp":"2025-05-21T03:15:16.489Z","worker":"CodeGenWorker"}
{"error":{"name":"NeonDbError","sourceError":{"cause":{"code":"UND_ERR_CONNECT_TIMEOUT","message":"Connect Timeout Error","name":"ConnectTimeoutError"}}},"level":"error","message":"Error checking for pending jobs:","timestamp":"2025-05-21T03:15:17.597Z","worker":"BuildWorker"}
{"error":{"name":"NeonDbError","sourceError":{"cause":{"code":"UND_ERR_CONNECT_TIMEOUT","message":"Connect Timeout Error","name":"ConnectTimeoutError"}}},"level":"error","message":"Error checking for 'queued_for_generation' jobs:","timestamp":"2025-05-21T03:15:26.489Z","worker":"CodeGenWorker"}
{"error":{"name":"NeonDbError","sourceError":{"cause":{"code":"UND_ERR_CONNECT_TIMEOUT","message":"Connect Timeout Error","name":"ConnectTimeoutError"}}},"level":"error","message":"Error in code generation worker loop:","timestamp":"2025-05-21T03:15:26.491Z","worker":"CodeGenWorker"}
{"error":{"name":"NeonDbError","sourceError":{"cause":{"code":"UND_ERR_CONNECT_TIMEOUT","message":"Connect Timeout Error","name":"ConnectTimeoutError"}}},"level":"error","message":"Error checking for pending jobs:","timestamp":"2025-05-21T03:15:27.599Z","worker":"BuildWorker"}
{"error":{"name":"NeonDbError","sourceError":{"cause":{"code":"UND_ERR_CONNECT_TIMEOUT","message":"Connect Timeout Error","name":"ConnectTimeoutError"}}},"level":"error","message":"Error checking for 'queued_for_generation' jobs:","timestamp":"2025-05-21T03:16:16.492Z","worker":"CodeGenWorker"}
{"error":{"name":"NeonDbError","sourceError":{"cause":{"code":"UND_ERR_CONNECT_TIMEOUT","message":"Connect Timeout Error","name":"ConnectTimeoutError"}}},"level":"error","message":"Error in code generation worker loop:","timestamp":"2025-05-21T03:16:16.492Z","worker":"CodeGenWorker"}
{"error":{"name":"NeonDbError","sourceError":{"cause":{"code":"UND_ERR_CONNECT_TIMEOUT","message":"Connect Timeout Error","name":"ConnectTimeoutError"}}},"level":"error","message":"Error checking for pending jobs:","timestamp":"2025-05-21T03:16:17.603Z","worker":"BuildWorker"}
{"level":"error","message":"system","module":"a2a","timestamp":"2025-05-21T03:16:29.926Z"}
{"error":{"name":"NeonDbError","sourceError":{"cause":{"code":"UND_ERR_CONNECT_TIMEOUT","message":"Connect Timeout Error","name":"ConnectTimeoutError"}}},"level":"error","message":"Error checking for 'queued_for_generation' jobs:","timestamp":"2025-05-21T03:17:36.496Z","worker":"CodeGenWorker"}
{"error":{"name":"NeonDbError","sourceError":{"cause":{"code":"UND_ERR_CONNECT_TIMEOUT","message":"Connect Timeout Error","name":"ConnectTimeoutError"}}},"level":"error","message":"Error in code generation worker loop:","timestamp":"2025-05-21T03:17:36.497Z","worker":"CodeGenWorker"}
{"error":{"name":"NeonDbError","sourceError":{"cause":{"code":"UND_ERR_CONNECT_TIMEOUT","message":"Connect Timeout Error","name":"ConnectTimeoutError"}}},"level":"error","message":"Error checking for pending jobs:","timestamp":"2025-05-21T03:17:47.612Z","worker":"BuildWorker"}
