{"error":{"name":"NeonDbError","sourceError":{"cause":{"code":"UND_ERR_CONNECT_TIMEOUT","message":"Connect Timeout Error","name":"ConnectTimeoutError"}}},"level":"error","message":"Error checking for pending jobs:","timestamp":"2025-05-23T01:53:40.550Z","worker":"BuildWorker"}
{"error":{"name":"NeonDbError","sourceError":{"cause":{"code":"ECONNRESET","errno":-54,"syscall":"read"}}},"level":"error","message":"Error checking for 'queued_for_generation' jobs:","timestamp":"2025-05-23T06:38:31.758Z","worker":"CodeGenWorker"}
{"error":{"name":"NeonDbError","sourceError":{"cause":{"code":"ECONNRESET","errno":-54,"syscall":"read"}}},"level":"error","message":"Error in code generation worker loop:","timestamp":"2025-05-23T06:38:31.759Z","worker":"CodeGenWorker"}
{"error":{"name":"NeonDbError","sourceError":{"cause":{"code":"ECONNRESET","errno":-54,"syscall":"read"}}},"level":"error","message":"Error checking for 'queued_for_generation' jobs:","timestamp":"2025-05-23T06:50:57.997Z","worker":"CodeGenWorker"}
{"error":{"name":"NeonDbError","sourceError":{"cause":{"code":"ECONNRESET","errno":-54,"syscall":"read"}}},"level":"error","message":"Error in code generation worker loop:","timestamp":"2025-05-23T06:50:57.999Z","worker":"CodeGenWorker"}
{"error":{"name":"NeonDbError","sourceError":{"cause":{"code":"UND_ERR_CONNECT_TIMEOUT","message":"Connect Timeout Error","name":"ConnectTimeoutError"}}},"level":"error","message":"Error checking for pending jobs:","timestamp":"2025-05-23T07:45:48.778Z","worker":"BuildWorker"}
{"error":{"name":"NeonDbError","sourceError":{"cause":{"code":"ENOTFOUND","errno":-3008,"hostname":"api.us-east-1.aws.neon.tech","syscall":"getaddrinfo"}}},"level":"error","message":"Error checking for 'queued_for_generation' jobs:","timestamp":"2025-05-23T07:45:49.929Z","worker":"CodeGenWorker"}
{"error":{"name":"NeonDbError","sourceError":{"cause":{"code":"ENOTFOUND","errno":-3008,"hostname":"api.us-east-1.aws.neon.tech","syscall":"getaddrinfo"}}},"level":"error","message":"Error checking for 'queued_for_generation' jobs:","timestamp":"2025-05-23T07:45:49.930Z","worker":"CodeGenWorker"}
{"error":{"name":"NeonDbError","sourceError":{"cause":{"code":"ENOTFOUND","errno":-3008,"hostname":"api.us-east-1.aws.neon.tech","syscall":"getaddrinfo"}}},"level":"error","message":"Error in code generation worker loop:","timestamp":"2025-05-23T07:45:49.930Z","worker":"CodeGenWorker"}
{"error":{"name":"NeonDbError","sourceError":{"cause":{"code":"ENOTFOUND","errno":-3008,"hostname":"api.us-east-1.aws.neon.tech","syscall":"getaddrinfo"}}},"level":"error","message":"Error in code generation worker loop:","timestamp":"2025-05-23T07:45:49.931Z","worker":"CodeGenWorker"}
{"error":{"name":"NeonDbError","sourceError":{"cause":{"code":"ENOTFOUND","errno":-3008,"hostname":"api.us-east-1.aws.neon.tech","syscall":"getaddrinfo"}}},"level":"error","message":"Error checking for pending jobs:","timestamp":"2025-05-23T07:45:49.931Z","worker":"BuildWorker"}
{"error":{"name":"NeonDbError","sourceError":{"cause":{"code":"ENOTFOUND","errno":-3008,"hostname":"api.us-east-1.aws.neon.tech","syscall":"getaddrinfo"}}},"level":"error","message":"Error checking for pending jobs:","timestamp":"2025-05-23T07:45:49.931Z","worker":"BuildWorker"}
{"level":"error","message":"system","module":"a2a","timestamp":"2025-05-23T07:45:50.728Z"}
{"level":"error","message":"system","module":"a2a","timestamp":"2025-05-23T07:45:50.748Z"}
{"error":{"name":"NeonDbError","sourceError":{"cause":{"code":"ENOTFOUND","errno":-3008,"hostname":"api.us-east-1.aws.neon.tech","syscall":"getaddrinfo"}}},"level":"error","message":"Error checking for pending jobs:","timestamp":"2025-05-23T07:45:58.773Z","worker":"BuildWorker"}
{"error":{"name":"NeonDbError","sourceError":{"cause":{"code":"ENOTFOUND","errno":-3008,"hostname":"api.us-east-1.aws.neon.tech","syscall":"getaddrinfo"}}},"level":"error","message":"Error checking for 'queued_for_generation' jobs:","timestamp":"2025-05-23T07:45:58.775Z","worker":"CodeGenWorker"}
{"error":{"name":"NeonDbError","sourceError":{"cause":{"code":"ENOTFOUND","errno":-3008,"hostname":"api.us-east-1.aws.neon.tech","syscall":"getaddrinfo"}}},"level":"error","message":"Error in code generation worker loop:","timestamp":"2025-05-23T07:45:58.775Z","worker":"CodeGenWorker"}
{"error":{"name":"NeonDbError","sourceError":{"cause":{"code":"ENOTFOUND","errno":-3008,"hostname":"api.us-east-1.aws.neon.tech","syscall":"getaddrinfo"}}},"level":"error","message":"Error checking for 'queued_for_generation' jobs:","timestamp":"2025-05-23T07:45:58.777Z","worker":"CodeGenWorker"}
{"error":{"name":"NeonDbError","sourceError":{"cause":{"code":"ENOTFOUND","errno":-3008,"hostname":"api.us-east-1.aws.neon.tech","syscall":"getaddrinfo"}}},"level":"error","message":"Error in code generation worker loop:","timestamp":"2025-05-23T07:45:58.777Z","worker":"CodeGenWorker"}
{"error":{"name":"NeonDbError","sourceError":{"cause":{"code":"ENOTFOUND","errno":-3008,"hostname":"api.us-east-1.aws.neon.tech","syscall":"getaddrinfo"}}},"level":"error","message":"Error checking for pending jobs:","timestamp":"2025-05-23T07:45:58.778Z","worker":"BuildWorker"}
{"error":{"name":"NeonDbError","sourceError":{"cause":{"code":"ENOTFOUND","errno":-3008,"hostname":"api.us-east-1.aws.neon.tech","syscall":"getaddrinfo"}}},"level":"error","message":"Error checking for 'queued_for_generation' jobs:","timestamp":"2025-05-23T07:49:41.955Z","worker":"CodeGenWorker"}
{"error":{"name":"NeonDbError","sourceError":{"cause":{"code":"ENOTFOUND","errno":-3008,"hostname":"api.us-east-1.aws.neon.tech","syscall":"getaddrinfo"}}},"level":"error","message":"Error checking for pending jobs:","timestamp":"2025-05-23T07:49:41.955Z","worker":"BuildWorker"}
{"error":{"name":"NeonDbError","sourceError":{"cause":{"code":"ENOTFOUND","errno":-3008,"hostname":"api.us-east-1.aws.neon.tech","syscall":"getaddrinfo"}}},"level":"error","message":"Error in code generation worker loop:","timestamp":"2025-05-23T07:49:41.955Z","worker":"CodeGenWorker"}
{"error":{"name":"NeonDbError","sourceError":{"cause":{"code":"ENOTFOUND","errno":-3008,"hostname":"api.us-east-1.aws.neon.tech","syscall":"getaddrinfo"}}},"level":"error","message":"Error checking for pending jobs:","timestamp":"2025-05-23T07:49:41.957Z","worker":"BuildWorker"}
{"error":{"name":"NeonDbError","sourceError":{"cause":{"code":"ENOTFOUND","errno":-3008,"hostname":"api.us-east-1.aws.neon.tech","syscall":"getaddrinfo"}}},"level":"error","message":"Error checking for 'queued_for_generation' jobs:","timestamp":"2025-05-23T07:49:41.957Z","worker":"CodeGenWorker"}
{"error":{"name":"NeonDbError","sourceError":{"cause":{"code":"ENOTFOUND","errno":-3008,"hostname":"api.us-east-1.aws.neon.tech","syscall":"getaddrinfo"}}},"level":"error","message":"Error in code generation worker loop:","timestamp":"2025-05-23T07:49:41.957Z","worker":"CodeGenWorker"}
{"level":"error","message":"system","module":"a2a","timestamp":"2025-05-23T07:49:42.736Z"}
{"level":"error","message":"system","module":"a2a","timestamp":"2025-05-23T07:49:42.746Z"}
{"error":{"name":"NeonDbError","sourceError":{"cause":{"code":"UND_ERR_HEADERS_TIMEOUT","message":"Headers Timeout Error","name":"HeadersTimeoutError"}}},"level":"error","message":"Error checking for 'queued_for_generation' jobs:","timestamp":"2025-05-23T07:51:05.496Z","worker":"CodeGenWorker"}
{"error":{"name":"NeonDbError","sourceError":{"cause":{"code":"UND_ERR_HEADERS_TIMEOUT","message":"Headers Timeout Error","name":"HeadersTimeoutError"}}},"level":"error","message":"Error in code generation worker loop:","timestamp":"2025-05-23T07:51:05.497Z","worker":"CodeGenWorker"}
